<?xml version="1.0" encoding="UTF-8"?>
<testsuites name="healthcare-tests - TS_RegressionTest" time="53.526" tests="3" failures="0" errors="0">
   <testsuite name="healthcare-tests - TS_RegressionTest" tests="3" failures="0" errors="0" time="53.526" skipped="0" timestamp="02-04-2025T15:36:28" hostname="nhi.ly - localhost" id="Test Suites/healthcare-tests - TS_RegressionTest">
      <properties>
         <property name="deviceName" value=""/>
         <property name="devicePlatform"/>
         <property name="logFolder" value="/Users/nhi.ly/Downloads/project-katalon/healthcare-tests/Reports/20250402_153623/healthcare-tests - TS_RegressionTest/20250402_153623"/>
         <property name="logFiles" value="/Users/nhi.ly/Downloads/project-katalon/healthcare-tests/Reports/20250402_153623/healthcare-tests - TS_RegressionTest/20250402_153623/execution0.log"/>
         <property name="attachments" value="/Users/nhi.ly/Downloads/project-katalon/healthcare-tests/Reports/20250402_153623/healthcare-tests - TS_RegressionTest/20250402_153623/1743583018755.png, keyes/keyes-login page.png, keyes/keyes-appointment page.png, keyes/keyes-booked appointment.png, /Users/nhi.ly/Downloads/project-katalon/healthcare-tests/Reports/20250402_153623/healthcare-tests - TS_RegressionTest/20250402_153623/1743583038941.png"/>
         <property name="hostName" value="nhi.ly - localhost"/>
         <property name="os" value="Mac OS X 64bit"/>
         <property name="katalonVersion" value="10.0.1.223"/>
         <property name="browser" value="Chrome 134.0.0.0"/>
         <property name="hostAddress" value="127.0.0.1"/>
         <property name="sessionId" value="ac5741f760d56b43ec5c32fec5c0d2d8"/>
         <property name="seleniumVersion" value="4.22.0"/>
         <property name="proxyInformation" value="ProxyInformation { proxyOption=NO_PROXY, proxyServerType=HTTP, username=, password=********, proxyServerAddress=, proxyServerPort=0, executionList=&quot;&quot;, isApplyToDesiredCapabilities=true }"/>
         <property name="platform" value="Mac OS X"/>
      </properties>
      <testcase name="Test Cases/New Test Case Folder - 1743582681389/TC1_Verify Successful Login" time="14.765" classname="Test Cases/New Test Case Folder - 1743582681389/TC1_Verify Successful Login" status="PASSED">
         <system-out><![CDATA[02-04-2025T15:36:28 - [TEST_CASE][PASSED] - Test Cases/New Test Case Folder - 1743582681389/TC1_Verify Successful Login: Test Cases/New Test Case Folder - 1743582681389/TC1_Verify Successful Login

02-04-2025T15:36:28 - [TEST_STEP][PASSED] - comment("Story: Login to CURA system"): Story: Login to CURA system

02-04-2025T15:36:28 - [MESSAGE][INFO] - Story: Login to CURA system

02-04-2025T15:36:28 - [TEST_STEP][PASSED] - comment("Given that the user has the valid login information"): Given that the user has the valid login information

02-04-2025T15:36:28 - [MESSAGE][INFO] - Given that the user has the valid login information

02-04-2025T15:36:28 - [TEST_STEP][PASSED] - openBrowser(G_SiteURL): Browser is opened with url: 'http://demoaut.katalon.com'

02-04-2025T15:36:28 - [MESSAGE][INFO] - Starting 'Chrome' driver

02-04-2025T15:36:28 - [MESSAGE][INFO] - Action delay is set to 0 milliseconds

02-04-2025T15:36:37 - [MESSAGE][PASSED] - Browser is opened with url: 'http://demoaut.katalon.com'

02-04-2025T15:36:37 - [TEST_STEP][PASSED] - click(findTestObject("Page_CuraHomepage/btn_MakeAppointment")): Object: 'Object Repository/Page_CuraHomepage/btn_MakeAppointment' is clicked on

02-04-2025T15:36:38 - [MESSAGE][PASSED] - Object: 'Object Repository/Page_CuraHomepage/btn_MakeAppointment' is clicked on

02-04-2025T15:36:38 - [TEST_STEP][PASSED] - setText(findTestObject("Page_Login/txt_UserName"), Username): Text 'John Doe' is set on object 'Object Repository/Page_Login/txt_UserName'

02-04-2025T15:36:38 - [MESSAGE][PASSED] - Text 'John Doe' is set on object 'Object Repository/Page_Login/txt_UserName'

02-04-2025T15:36:38 - [TEST_STEP][PASSED] - setText(findTestObject("Page_Login/txt_Password"), Password): Text 'ThisIsNotAPassword' is set on object 'Object Repository/Page_Login/txt_Password'

02-04-2025T15:36:39 - [MESSAGE][PASSED] - Text 'ThisIsNotAPassword' is set on object 'Object Repository/Page_Login/txt_Password'

02-04-2025T15:36:39 - [TEST_STEP][PASSED] - comment("When he logins to CURA system"): When he logins to CURA system

02-04-2025T15:36:39 - [MESSAGE][INFO] - When he logins to CURA system

02-04-2025T15:36:39 - [TEST_STEP][PASSED] - click(findTestObject("Page_Login/btn_Login")): Object: 'Object Repository/Page_Login/btn_Login' is clicked on

02-04-2025T15:36:40 - [MESSAGE][PASSED] - Object: 'Object Repository/Page_Login/btn_Login' is clicked on

02-04-2025T15:36:40 - [TEST_STEP][PASSED] - comment("Then he should be able to login successfully"): Then he should be able to login successfully

02-04-2025T15:36:40 - [MESSAGE][INFO] - Then he should be able to login successfully

02-04-2025T15:36:40 - [TEST_STEP][PASSED] - landingPage = verifyElementPresent(findTestObject("Page_CuraAppointment/div_Appointment"), G_Timeout): Object 'Object Repository/Page_CuraAppointment/div_Appointment' is present

02-04-2025T15:36:40 - [MESSAGE][PASSED] - Object 'Object Repository/Page_CuraAppointment/div_Appointment' is present

02-04-2025T15:36:40 - [TEST_STEP][PASSED] - closeBrowser(): Browser is closed

02-04-2025T15:36:40 - [MESSAGE][PASSED] - Browser is closed

02-04-2025T15:36:42 - [TEST_STEP][PASSED] - Video: Video recording for test case 'Test Cases/New Test Case Folder - 1743582681389/TC1_Verify Successful Login' .

02-04-2025T15:36:42 - [MESSAGE][INFO] - Video recording for test case 'Test Cases/New Test Case Folder - 1743582681389/TC1_Verify Successful Login' .]]></system-out>
         <system-err><![CDATA[]]></system-err>
      </testcase>
      <testcase name="Test Cases/Main Test Cases/TC2_Verify Successful Appointment" time="18.092" classname="Test Cases/Main Test Cases/TC2_Verify Successful Appointment" status="PASSED">
         <system-out><![CDATA[02-04-2025T15:36:42 - [TEST_CASE][PASSED] - Test Cases/Main Test Cases/TC2_Verify Successful Appointment: Test Cases/Main Test Cases/TC2_Verify Successful Appointment

02-04-2025T15:36:42 - [TEST_STEP][PASSED] - comment("Story: Book an appointment"): Story: Book an appointment

02-04-2025T15:36:42 - [MESSAGE][INFO] - Story: Book an appointment

02-04-2025T15:36:42 - [TEST_STEP][PASSED] - comment("Given that the user has logged into their account"): Given that the user has logged into their account

02-04-2025T15:36:42 - [MESSAGE][INFO] - Given that the user has logged into their account

02-04-2025T15:36:42 - [TEST_STEP][PASSED] - openBrowser(G_SiteURL): Browser is opened with url: 'http://demoaut.katalon.com'

02-04-2025T15:36:42 - [MESSAGE][INFO] - Starting 'Chrome' driver

02-04-2025T15:36:42 - [MESSAGE][INFO] - Action delay is set to 0 milliseconds

02-04-2025T15:36:50 - [MESSAGE][PASSED] - Browser is opened with url: 'http://demoaut.katalon.com'

02-04-2025T15:36:50 - [TEST_STEP][PASSED] - callTestCase(findTestCase("Common Test Cases/Login"), ["Username":"John Doe", "Password":"ThisIsNotAPassword"], STOP_ON_FAILURE): Call Test Case 'Test Cases/Common Test Cases/Login' successfully

02-04-2025T15:36:50 - [TEST_CASE][PASSED] - Test Cases/Common Test Cases/Login: Test Cases/Common Test Cases/Login

02-04-2025T15:36:50 - [TEST_STEP][PASSED] - click(findTestObject("Page_CuraHomepage/btn_MakeAppointment")): Object: 'Object Repository/Page_CuraHomepage/btn_MakeAppointment' is clicked on

02-04-2025T15:36:51 - [MESSAGE][PASSED] - Object: 'Object Repository/Page_CuraHomepage/btn_MakeAppointment' is clicked on

02-04-2025T15:36:51 - [TEST_STEP][PASSED] - setText(findTestObject("Page_Login/txt_UserName"), Username): Text 'John Doe' is set on object 'Object Repository/Page_Login/txt_UserName'

02-04-2025T15:36:52 - [MESSAGE][PASSED] - Text 'John Doe' is set on object 'Object Repository/Page_Login/txt_UserName'

02-04-2025T15:36:52 - [TEST_STEP][PASSED] - setText(findTestObject("Page_Login/txt_Password"), Password): Text 'ThisIsNotAPassword' is set on object 'Object Repository/Page_Login/txt_Password'

02-04-2025T15:36:52 - [MESSAGE][PASSED] - Text 'ThisIsNotAPassword' is set on object 'Object Repository/Page_Login/txt_Password'

02-04-2025T15:36:52 - [TEST_STEP][PASSED] - click(findTestObject("Page_Login/btn_Login")): Object: 'Object Repository/Page_Login/btn_Login' is clicked on

02-04-2025T15:36:53 - [MESSAGE][PASSED] - Object: 'Object Repository/Page_Login/btn_Login' is clicked on

02-04-2025T15:36:53 - [TEST_STEP][PASSED] - landingPage = verifyElementPresent(findTestObject("Page_CuraAppointment/div_Appointment"), G_Timeout): Object 'Object Repository/Page_CuraAppointment/div_Appointment' is present

02-04-2025T15:36:53 - [MESSAGE][PASSED] - Object 'Object Repository/Page_CuraAppointment/div_Appointment' is present

02-04-2025T15:36:53 - [MESSAGE][PASSED] - Call Test Case 'Test Cases/Common Test Cases/Login' successfully

02-04-2025T15:36:53 - [TEST_STEP][PASSED] - comment("And Appointment page is displayed"): And Appointment page is displayed

02-04-2025T15:36:53 - [MESSAGE][INFO] - And Appointment page is displayed

02-04-2025T15:36:53 - [TEST_STEP][PASSED] - if (true): Text 'Please make appointment as soon as possible.' is set on object 'Object Repository/Page_CuraAppointment/txt_Comment'

02-04-2025T15:36:53 - [TEST_STEP][PASSED] - selectOptionByLabel(findTestObject("Page_CuraAppointment/lst_Facility"), "Hongkong CURA Healthcare Center", false): All options with label 'Hongkong CURA Healthcare Center' are selected in object 'Object Repository/Page_CuraAppointment/lst_Facility' 

02-04-2025T15:36:54 - [MESSAGE][PASSED] - All options with label 'Hongkong CURA Healthcare Center' are selected in object 'Object Repository/Page_CuraAppointment/lst_Facility' 

02-04-2025T15:36:54 - [TEST_STEP][PASSED] - check(findTestObject("Page_CuraAppointment/chk_Medicaid")): Object 'Object Repository/Page_CuraAppointment/chk_Medicaid' is checked

02-04-2025T15:36:54 - [MESSAGE][PASSED] - Object 'Object Repository/Page_CuraAppointment/chk_Medicaid' is checked

02-04-2025T15:36:54 - [TEST_STEP][PASSED] - check(findTestObject("Page_CuraAppointment/chk_Readmission")): Object 'Object Repository/Page_CuraAppointment/chk_Readmission' is checked

02-04-2025T15:36:54 - [MESSAGE][PASSED] - Object 'Object Repository/Page_CuraAppointment/chk_Readmission' is checked

02-04-2025T15:36:54 - [TEST_STEP][PASSED] - setText(findTestObject("Page_CuraAppointment/txt_VisitDate"), "27/12/2016"): Text '27/12/2016' is set on object 'Object Repository/Page_CuraAppointment/txt_VisitDate'

02-04-2025T15:36:55 - [MESSAGE][PASSED] - Text '27/12/2016' is set on object 'Object Repository/Page_CuraAppointment/txt_VisitDate'

02-04-2025T15:36:55 - [TEST_STEP][PASSED] - setText(findTestObject("Page_CuraAppointment/txt_Comment"), "Please make appointment as soon as possible."): Text 'Please make appointment as soon as possible.' is set on object 'Object Repository/Page_CuraAppointment/txt_Comment'

02-04-2025T15:36:56 - [MESSAGE][PASSED] - Text 'Please make appointment as soon as possible.' is set on object 'Object Repository/Page_CuraAppointment/txt_Comment'

02-04-2025T15:36:56 - [TEST_STEP][PASSED] - comment("When he fills in valid information in Appointment page"): When he fills in valid information in Appointment page

02-04-2025T15:36:56 - [MESSAGE][INFO] - When he fills in valid information in Appointment page

02-04-2025T15:36:56 - [TEST_STEP][PASSED] - click(findTestObject("Page_CuraAppointment/btn_BookAppointment")): Object: 'Object Repository/Page_CuraAppointment/btn_BookAppointment' is clicked on

02-04-2025T15:36:56 - [MESSAGE][PASSED] - Object: 'Object Repository/Page_CuraAppointment/btn_BookAppointment' is clicked on

02-04-2025T15:36:56 - [TEST_STEP][PASSED] - verifyTextPresent("Appointment Confirmation", false): Text 'Appointment Confirmation' is present on page 

02-04-2025T15:36:57 - [MESSAGE][PASSED] - Text 'Appointment Confirmation' is present on page 

02-04-2025T15:36:57 - [TEST_STEP][PASSED] - comment("Then he should be able to book a new appointment"): Then he should be able to book a new appointment

02-04-2025T15:36:57 - [MESSAGE][INFO] - Then he should be able to book a new appointment

02-04-2025T15:36:57 - [TEST_STEP][PASSED] - if (true): Actual text 'Please make appointment as soon as possible.' and expected text 'Please make appointment as soon as possible.' are matched 

02-04-2025T15:36:57 - [TEST_STEP][PASSED] - verifyMatch("Hongkong CURA Healthcare Center", getText(findTestObject("Page_AppointmentConfirmation/lbl_Facility")), false): Actual text 'Hongkong CURA Healthcare Center' and expected text 'Hongkong CURA Healthcare Center' are matched 

02-04-2025T15:36:57 - [MESSAGE][PASSED] - Text of object 'Object Repository/Page_AppointmentConfirmation/lbl_Facility' is: 'Hongkong CURA Healthcare Center'

02-04-2025T15:36:57 - [MESSAGE][PASSED] - Actual text 'Hongkong CURA Healthcare Center' and expected text 'Hongkong CURA Healthcare Center' are matched 

02-04-2025T15:36:57 - [TEST_STEP][PASSED] - verifyMatch("Yes", getText(findTestObject("Page_AppointmentConfirmation/lbl_HospitalReadmission")), false): Actual text 'Yes' and expected text 'Yes' are matched 

02-04-2025T15:36:57 - [MESSAGE][PASSED] - Text of object 'Object Repository/Page_AppointmentConfirmation/lbl_HospitalReadmission' is: 'Yes'

02-04-2025T15:36:57 - [MESSAGE][PASSED] - Actual text 'Yes' and expected text 'Yes' are matched 

02-04-2025T15:36:57 - [TEST_STEP][PASSED] - verifyMatch("Medicaid", getText(findTestObject("Page_AppointmentConfirmation/lbl_Program")), false): Actual text 'Medicaid' and expected text 'Medicaid' are matched 

02-04-2025T15:36:58 - [MESSAGE][PASSED] - Text of object 'Object Repository/Page_AppointmentConfirmation/lbl_Program' is: 'Medicaid'

02-04-2025T15:36:58 - [MESSAGE][PASSED] - Actual text 'Medicaid' and expected text 'Medicaid' are matched 

02-04-2025T15:36:58 - [TEST_STEP][PASSED] - verifyMatch("27/12/2016", getText(findTestObject("Page_AppointmentConfirmation/lbl_VisitDate")), false): Actual text '27/12/2016' and expected text '27/12/2016' are matched 

02-04-2025T15:36:58 - [MESSAGE][PASSED] - Text of object 'Object Repository/Page_AppointmentConfirmation/lbl_VisitDate' is: '27/12/2016'

02-04-2025T15:36:58 - [MESSAGE][PASSED] - Actual text '27/12/2016' and expected text '27/12/2016' are matched 

02-04-2025T15:36:58 - [TEST_STEP][PASSED] - verifyMatch("Please make appointment as soon as possible.", getText(findTestObject("Page_AppointmentConfirmation/lbl_Comment")), false): Actual text 'Please make appointment as soon as possible.' and expected text 'Please make appointment as soon as possible.' are matched 

02-04-2025T15:36:58 - [MESSAGE][PASSED] - Text of object 'Object Repository/Page_AppointmentConfirmation/lbl_Comment' is: 'Please make appointment as soon as possible.'

02-04-2025T15:36:58 - [MESSAGE][PASSED] - Actual text 'Please make appointment as soon as possible.' and expected text 'Please make appointment as soon as possible.' are matched 

02-04-2025T15:36:58 - [TEST_STEP][PASSED] - takeScreenshot(): Taking screenshot successfully

02-04-2025T15:36:58 - [MESSAGE][PASSED] - Taking screenshot successfully
[[ATTACHMENT|/Users/nhi.ly/Downloads/project-katalon/healthcare-tests/Reports/20250402_153623/healthcare-tests - TS_RegressionTest/20250402_153623/1743583018755.png]]

02-04-2025T15:36:58 - [TEST_STEP][PASSED] - closeBrowser(): Browser is closed

02-04-2025T15:36:58 - [MESSAGE][PASSED] - Browser is closed

02-04-2025T15:37:00 - [TEST_STEP][PASSED] - Video: Video recording for test case 'Test Cases/Main Test Cases/TC2_Verify Successful Appointment' .

02-04-2025T15:37:00 - [MESSAGE][INFO] - Video recording for test case 'Test Cases/Main Test Cases/TC2_Verify Successful Appointment' .]]></system-out>
         <system-err><![CDATA[]]></system-err>
      </testcase>
      <testcase name="Test Cases/Main Test Cases/TC3_Visual Testing Example" time="20.559" classname="Test Cases/Main Test Cases/TC3_Visual Testing Example" status="PASSED">
         <system-out><![CDATA[02-04-2025T15:37:00 - [TEST_CASE][PASSED] - Test Cases/Main Test Cases/TC3_Visual Testing Example: Test Cases/Main Test Cases/TC3_Visual Testing Example

02-04-2025T15:37:01 - [TEST_STEP][PASSED] - comment("Story: Book an appointment"): Story: Book an appointment

02-04-2025T15:37:01 - [MESSAGE][INFO] - Story: Book an appointment

02-04-2025T15:37:01 - [TEST_STEP][PASSED] - comment("Given that the user has logged into their account"): Given that the user has logged into their account

02-04-2025T15:37:01 - [MESSAGE][INFO] - Given that the user has logged into their account

02-04-2025T15:37:01 - [TEST_STEP][PASSED] - openBrowser(G_SiteURL): Browser is opened with url: 'http://demoaut.katalon.com'

02-04-2025T15:37:01 - [MESSAGE][INFO] - Starting 'Chrome' driver

02-04-2025T15:37:01 - [MESSAGE][INFO] - Action delay is set to 0 milliseconds

02-04-2025T15:37:08 - [MESSAGE][PASSED] - Browser is opened with url: 'http://demoaut.katalon.com'

02-04-2025T15:37:08 - [TEST_STEP][PASSED] - takeScreenshotAsCheckpoint("login page"): Taking screenshot successfully

02-04-2025T15:37:09 - [MESSAGE][INFO] - 0 hidden object(s)

02-04-2025T15:37:09 - [MESSAGE][PASSED] - Taking screenshot successfully
[[ATTACHMENT|keyes/keyes-login page.png]]

02-04-2025T15:37:09 - [TEST_STEP][PASSED] - callTestCase(findTestCase("Common Test Cases/Login"), ["Username":"John Doe", "Password":"ThisIsNotAPassword"], STOP_ON_FAILURE): Call Test Case 'Test Cases/Common Test Cases/Login' successfully

02-04-2025T15:37:09 - [TEST_CASE][PASSED] - Test Cases/Common Test Cases/Login: Test Cases/Common Test Cases/Login

02-04-2025T15:37:09 - [TEST_STEP][PASSED] - click(findTestObject("Page_CuraHomepage/btn_MakeAppointment")): Object: 'Object Repository/Page_CuraHomepage/btn_MakeAppointment' is clicked on

02-04-2025T15:37:10 - [MESSAGE][PASSED] - Object: 'Object Repository/Page_CuraHomepage/btn_MakeAppointment' is clicked on

02-04-2025T15:37:10 - [TEST_STEP][PASSED] - setText(findTestObject("Page_Login/txt_UserName"), Username): Text 'John Doe' is set on object 'Object Repository/Page_Login/txt_UserName'

02-04-2025T15:37:10 - [MESSAGE][PASSED] - Text 'John Doe' is set on object 'Object Repository/Page_Login/txt_UserName'

02-04-2025T15:37:10 - [TEST_STEP][PASSED] - setText(findTestObject("Page_Login/txt_Password"), Password): Text 'ThisIsNotAPassword' is set on object 'Object Repository/Page_Login/txt_Password'

02-04-2025T15:37:11 - [MESSAGE][PASSED] - Text 'ThisIsNotAPassword' is set on object 'Object Repository/Page_Login/txt_Password'

02-04-2025T15:37:11 - [TEST_STEP][PASSED] - click(findTestObject("Page_Login/btn_Login")): Object: 'Object Repository/Page_Login/btn_Login' is clicked on

02-04-2025T15:37:12 - [MESSAGE][PASSED] - Object: 'Object Repository/Page_Login/btn_Login' is clicked on

02-04-2025T15:37:12 - [TEST_STEP][PASSED] - landingPage = verifyElementPresent(findTestObject("Page_CuraAppointment/div_Appointment"), G_Timeout): Object 'Object Repository/Page_CuraAppointment/div_Appointment' is present

02-04-2025T15:37:12 - [MESSAGE][PASSED] - Object 'Object Repository/Page_CuraAppointment/div_Appointment' is present

02-04-2025T15:37:12 - [MESSAGE][PASSED] - Call Test Case 'Test Cases/Common Test Cases/Login' successfully

02-04-2025T15:37:12 - [TEST_STEP][PASSED] - comment("And Appointment page is displayed"): And Appointment page is displayed

02-04-2025T15:37:12 - [MESSAGE][INFO] - And Appointment page is displayed

02-04-2025T15:37:12 - [TEST_STEP][PASSED] - if (true): Text 'Please make appointment as soon as possible.' is set on object 'Object Repository/Page_CuraAppointment/txt_Comment'

02-04-2025T15:37:12 - [TEST_STEP][PASSED] - takeScreenshotAsCheckpoint("appointment page"): Taking screenshot successfully

02-04-2025T15:37:12 - [MESSAGE][INFO] - 0 hidden object(s)

02-04-2025T15:37:12 - [MESSAGE][PASSED] - Taking screenshot successfully
[[ATTACHMENT|keyes/keyes-appointment page.png]]

02-04-2025T15:37:12 - [TEST_STEP][PASSED] - selectOptionByLabel(findTestObject("Page_CuraAppointment/lst_Facility"), "Hongkong CURA Healthcare Center", false): All options with label 'Hongkong CURA Healthcare Center' are selected in object 'Object Repository/Page_CuraAppointment/lst_Facility' 

02-04-2025T15:37:13 - [MESSAGE][PASSED] - All options with label 'Hongkong CURA Healthcare Center' are selected in object 'Object Repository/Page_CuraAppointment/lst_Facility' 

02-04-2025T15:37:13 - [TEST_STEP][PASSED] - check(findTestObject("Page_CuraAppointment/chk_Medicaid")): Object 'Object Repository/Page_CuraAppointment/chk_Medicaid' is checked

02-04-2025T15:37:13 - [MESSAGE][PASSED] - Object 'Object Repository/Page_CuraAppointment/chk_Medicaid' is checked

02-04-2025T15:37:13 - [TEST_STEP][PASSED] - check(findTestObject("Page_CuraAppointment/chk_Readmission")): Object 'Object Repository/Page_CuraAppointment/chk_Readmission' is checked

02-04-2025T15:37:13 - [MESSAGE][PASSED] - Object 'Object Repository/Page_CuraAppointment/chk_Readmission' is checked

02-04-2025T15:37:13 - [TEST_STEP][PASSED] - setText(findTestObject("Page_CuraAppointment/txt_VisitDate"), "27/12/2016"): Text '27/12/2016' is set on object 'Object Repository/Page_CuraAppointment/txt_VisitDate'

02-04-2025T15:37:14 - [MESSAGE][PASSED] - Text '27/12/2016' is set on object 'Object Repository/Page_CuraAppointment/txt_VisitDate'

02-04-2025T15:37:14 - [TEST_STEP][PASSED] - setText(findTestObject("Page_CuraAppointment/txt_Comment"), "Please make appointment as soon as possible."): Text 'Please make appointment as soon as possible.' is set on object 'Object Repository/Page_CuraAppointment/txt_Comment'

02-04-2025T15:37:15 - [MESSAGE][PASSED] - Text 'Please make appointment as soon as possible.' is set on object 'Object Repository/Page_CuraAppointment/txt_Comment'

02-04-2025T15:37:15 - [TEST_STEP][PASSED] - comment("When he fills in valid information in Appointment page"): When he fills in valid information in Appointment page

02-04-2025T15:37:15 - [MESSAGE][INFO] - When he fills in valid information in Appointment page

02-04-2025T15:37:15 - [TEST_STEP][PASSED] - click(findTestObject("Page_CuraAppointment/btn_BookAppointment")): Object: 'Object Repository/Page_CuraAppointment/btn_BookAppointment' is clicked on

02-04-2025T15:37:15 - [MESSAGE][PASSED] - Object: 'Object Repository/Page_CuraAppointment/btn_BookAppointment' is clicked on

02-04-2025T15:37:15 - [TEST_STEP][PASSED] - verifyTextPresent("Appointment Confirmation", false): Text 'Appointment Confirmation' is present on page 

02-04-2025T15:37:15 - [MESSAGE][PASSED] - Text 'Appointment Confirmation' is present on page 

02-04-2025T15:37:15 - [TEST_STEP][PASSED] - comment("Then he should be able to book a new appointment"): Then he should be able to book a new appointment

02-04-2025T15:37:15 - [MESSAGE][INFO] - Then he should be able to book a new appointment

02-04-2025T15:37:15 - [TEST_STEP][PASSED] - if (true): Actual text 'Please make appointment as soon as possible.' and expected text 'Please make appointment as soon as possible.' are matched 

02-04-2025T15:37:15 - [TEST_STEP][PASSED] - takeFullPageScreenshotAsCheckpoint("booked appointment", [findTestObject("Page_AppointmentConfirmation/lbl_VisitDate")]): Taking screenshot successfully

02-04-2025T15:37:15 - [MESSAGE][WARNING] - Timeout '0' is invalid. Using default page load timeout: '30'

02-04-2025T15:37:16 - [MESSAGE][INFO] - 1 hidden object(s)

02-04-2025T15:37:17 - [MESSAGE][INFO] - 0 hidden object(s)

02-04-2025T15:37:17 - [MESSAGE][PASSED] - Taking screenshot successfully
[[ATTACHMENT|keyes/keyes-booked appointment.png]]

02-04-2025T15:37:17 - [TEST_STEP][PASSED] - verifyMatch("Hongkong CURA Healthcare Center", getText(findTestObject("Page_AppointmentConfirmation/lbl_Facility")), false): Actual text 'Hongkong CURA Healthcare Center' and expected text 'Hongkong CURA Healthcare Center' are matched 

02-04-2025T15:37:17 - [MESSAGE][PASSED] - Text of object 'Object Repository/Page_AppointmentConfirmation/lbl_Facility' is: 'Hongkong CURA Healthcare Center'

02-04-2025T15:37:17 - [MESSAGE][PASSED] - Actual text 'Hongkong CURA Healthcare Center' and expected text 'Hongkong CURA Healthcare Center' are matched 

02-04-2025T15:37:17 - [TEST_STEP][PASSED] - verifyMatch("Yes", getText(findTestObject("Page_AppointmentConfirmation/lbl_HospitalReadmission")), false): Actual text 'Yes' and expected text 'Yes' are matched 

02-04-2025T15:37:18 - [MESSAGE][PASSED] - Text of object 'Object Repository/Page_AppointmentConfirmation/lbl_HospitalReadmission' is: 'Yes'

02-04-2025T15:37:18 - [MESSAGE][PASSED] - Actual text 'Yes' and expected text 'Yes' are matched 

02-04-2025T15:37:18 - [TEST_STEP][PASSED] - verifyMatch("Medicaid", getText(findTestObject("Page_AppointmentConfirmation/lbl_Program")), false): Actual text 'Medicaid' and expected text 'Medicaid' are matched 

02-04-2025T15:37:18 - [MESSAGE][PASSED] - Text of object 'Object Repository/Page_AppointmentConfirmation/lbl_Program' is: 'Medicaid'

02-04-2025T15:37:18 - [MESSAGE][PASSED] - Actual text 'Medicaid' and expected text 'Medicaid' are matched 

02-04-2025T15:37:18 - [TEST_STEP][PASSED] - verifyMatch("27/12/2016", getText(findTestObject("Page_AppointmentConfirmation/lbl_VisitDate")), false): Actual text '27/12/2016' and expected text '27/12/2016' are matched 

02-04-2025T15:37:18 - [MESSAGE][PASSED] - Text of object 'Object Repository/Page_AppointmentConfirmation/lbl_VisitDate' is: '27/12/2016'

02-04-2025T15:37:18 - [MESSAGE][PASSED] - Actual text '27/12/2016' and expected text '27/12/2016' are matched 

02-04-2025T15:37:18 - [TEST_STEP][PASSED] - verifyMatch("Please make appointment as soon as possible.", getText(findTestObject("Page_AppointmentConfirmation/lbl_Comment")), false): Actual text 'Please make appointment as soon as possible.' and expected text 'Please make appointment as soon as possible.' are matched 

02-04-2025T15:37:18 - [MESSAGE][PASSED] - Text of object 'Object Repository/Page_AppointmentConfirmation/lbl_Comment' is: 'Please make appointment as soon as possible.'

02-04-2025T15:37:18 - [MESSAGE][PASSED] - Actual text 'Please make appointment as soon as possible.' and expected text 'Please make appointment as soon as possible.' are matched 

02-04-2025T15:37:18 - [TEST_STEP][PASSED] - takeScreenshot(): Taking screenshot successfully

02-04-2025T15:37:19 - [MESSAGE][PASSED] - Taking screenshot successfully
[[ATTACHMENT|/Users/nhi.ly/Downloads/project-katalon/healthcare-tests/Reports/20250402_153623/healthcare-tests - TS_RegressionTest/20250402_153623/1743583038941.png]]

02-04-2025T15:37:19 - [TEST_STEP][PASSED] - closeBrowser(): Browser is closed

02-04-2025T15:37:19 - [MESSAGE][PASSED] - Browser is closed

02-04-2025T15:37:21 - [TEST_STEP][PASSED] - Video: Video recording for test case 'Test Cases/Main Test Cases/TC3_Visual Testing Example' .

02-04-2025T15:37:21 - [MESSAGE][INFO] - Video recording for test case 'Test Cases/Main Test Cases/TC3_Visual Testing Example' .]]></system-out>
         <system-err><![CDATA[]]></system-err>
      </testcase>
      <system-out><![CDATA[02-04-2025T15:36:28 - [TEST_SUITE][PASSED] - healthcare-tests - TS_RegressionTest: Test Cases/Main Test Cases/TC3_Visual Testing Example]]></system-out>
      <system-err><![CDATA[]]></system-err>
   </testsuite>
</testsuites>
